<?xml version="1.0" encoding="UTF-8"?>
<testng-results ignored="0" total="1" passed="1" failed="0" skipped="0">
  <reporter-output>
  </reporter-output>
  <suite started-at="2024-09-30T18:32:19 IST" name="Default suite" finished-at="2024-09-30T18:32:49 IST" duration-ms="29840">
    <groups>
    </groups>
    <test started-at="2024-09-30T18:32:19 IST" name="Default test" finished-at="2024-09-30T18:32:49 IST" duration-ms="29840">
      <class name="keyword_driven2_test.exeutiontest">
        <test-method is-config="true" signature="setupReport()[pri:0, instance:keyword_driven2_test.exeutiontest@1cf6d1be]" started-at="2024-09-30T18:32:19 IST" name="setupReport" finished-at="2024-09-30T18:32:19 IST" duration-ms="161" status="PASS">
          <reporter-output>
          </reporter-output>
        </test-method> <!-- setupReport -->
        <test-method signature="test()[pri:0, instance:keyword_driven2_test.exeutiontest@1cf6d1be]" started-at="2024-09-30T18:32:19 IST" name="test" finished-at="2024-09-30T18:32:49 IST" duration-ms="29388" status="PASS">
          <reporter-output>
          </reporter-output>
        </test-method> <!-- test -->
        <test-method is-config="true" signature="tearDown(org.testng.ITestResult)[pri:0, instance:keyword_driven2_test.exeutiontest@1cf6d1be]" started-at="2024-09-30T18:32:49 IST" name="tearDown" finished-at="2024-09-30T18:32:49 IST" duration-ms="80" status="PASS">
          <params>
            <param index="0">
              <value>
                <![CDATA[[TestResult name=test status=SUCCESS method=exeutiontest.test()[pri:0, instance:keyword_driven2_test.exeutiontest@1cf6d1be] output={null}]]]>
              </value>
            </param>
          </params>
          <reporter-output>
          </reporter-output>
        </test-method> <!-- tearDown -->
        <test-method is-config="true" signature="tearDownReport()[pri:0, instance:keyword_driven2_test.exeutiontest@1cf6d1be]" started-at="2024-09-30T18:32:49 IST" name="tearDownReport" finished-at="2024-09-30T18:32:49 IST" duration-ms="186" status="PASS">
          <reporter-output>
          </reporter-output>
        </test-method> <!-- tearDownReport -->
      </class> <!-- keyword_driven2_test.exeutiontest -->
    </test> <!-- Default test -->
  </suite> <!-- Default suite -->
</testng-results>
